This file contains any messages produced by compilers while
running configure, to aid debugging if configure makes a mistake.

It was created by OpenPANA configure 0.2.4, which was
generated by GNU Autoconf 2.69.  Invocation command line was

  $ ./configure --no-create --no-recursion

## --------- ##
## Platform. ##
## --------- ##

hostname = perico
uname -m = i686
uname -r = 3.8.0-19-generic
uname -s = Linux
uname -v = #30-Ubuntu SMP Wed May 1 16:36:13 UTC 2013

/usr/bin/uname -p = unknown
/bin/uname -X     = unknown

/bin/arch              = unknown
/usr/bin/arch -k       = unknown
/usr/convex/getsysinfo = unknown
/usr/bin/hostinfo      = unknown
/bin/machine           = unknown
/usr/bin/oslevel       = unknown
/bin/universe          = unknown

PATH: /usr/local/sbin
PATH: /usr/local/bin
PATH: /usr/sbin
PATH: /usr/bin
PATH: /sbin
PATH: /bin
PATH: /usr/games
PATH: /usr/local/games
PATH: /usr/lib/jvm/jdk1.7.0/


## ----------- ##
## Core tests. ##
## ----------- ##

configure:2371: checking for a BSD-compatible install
configure:2439: result: /usr/bin/install -c
configure:2450: checking whether build environment is sane
configure:2500: result: yes
configure:2641: checking for a thread-safe mkdir -p
configure:2680: result: /bin/mkdir -p
configure:2693: checking for gawk
configure:2709: found /usr/bin/gawk
configure:2720: result: gawk
configure:2731: checking whether make sets $(MAKE)
configure:2753: result: yes
configure:2844: checking for gawk
configure:2871: result: gawk
configure:2894: checking for style of include used by make
configure:2922: result: GNU
configure:2993: checking for gcc
configure:3009: found /usr/bin/gcc
configure:3020: result: gcc
configure:3249: checking for C compiler version
configure:3258: gcc --version >&5
gcc (Ubuntu/Linaro 4.7.3-1ubuntu1) 4.7.3
Copyright (C) 2012 Free Software Foundation, Inc.
This is free software; see the source for copying conditions.  There is NO
warranty; not even for MERCHANTABILITY or FITNESS FOR A PARTICULAR PURPOSE.

configure:3269: $? = 0
configure:3258: gcc -v >&5
Using built-in specs.
COLLECT_GCC=gcc
COLLECT_LTO_WRAPPER=/usr/lib/gcc/i686-linux-gnu/4.7/lto-wrapper
Target: i686-linux-gnu
Configured with: ../src/configure -v --with-pkgversion='Ubuntu/Linaro 4.7.3-1ubuntu1' --with-bugurl=file:///usr/share/doc/gcc-4.7/README.Bugs --enable-languages=c,c++,go,fortran,objc,obj-c++ --prefix=/usr --program-suffix=-4.7 --enable-shared --enable-linker-build-id --libexecdir=/usr/lib --without-included-gettext --enable-threads=posix --with-gxx-include-dir=/usr/include/c++/4.7 --libdir=/usr/lib --enable-nls --with-sysroot=/ --enable-clocale=gnu --enable-libstdcxx-debug --enable-libstdcxx-time=yes --enable-gnu-unique-object --enable-plugin --with-system-zlib --enable-objc-gc --enable-targets=all --with-cloog --enable-cloog-backend=ppl --disable-cloog-version-check --disable-ppl-version-check --enable-multiarch --disable-werror --with-arch-32=i686 --with-multilib-list=m32,m64,mx32 --with-tune=generic --enable-checking=release --build=i686-linux-gnu --host=i686-linux-gnu --target=i686-linux-gnu
Thread model: posix
gcc version 4.7.3 (Ubuntu/Linaro 4.7.3-1ubuntu1) 
configure:3269: $? = 0
configure:3258: gcc -V >&5
gcc: error: unrecognized command line option '-V'
gcc: fatal error: no input files
compilation terminated.
configure:3269: $? = 4
configure:3258: gcc -qversion >&5
gcc: error: unrecognized command line option '-qversion'
gcc: fatal error: no input files
compilation terminated.
configure:3269: $? = 4
configure:3289: checking whether the C compiler works
configure:3311: gcc    conftest.c  >&5
configure:3315: $? = 0
configure:3363: result: yes
configure:3366: checking for C compiler default output file name
configure:3368: result: a.out
configure:3374: checking for suffix of executables
configure:3381: gcc -o conftest    conftest.c  >&5
configure:3385: $? = 0
configure:3407: result: 
configure:3429: checking whether we are cross compiling
configure:3437: gcc -o conftest    conftest.c  >&5
configure:3441: $? = 0
configure:3448: ./conftest
configure:3452: $? = 0
configure:3467: result: no
configure:3472: checking for suffix of object files
configure:3494: gcc -c   conftest.c >&5
configure:3498: $? = 0
configure:3519: result: o
configure:3523: checking whether we are using the GNU C compiler
configure:3542: gcc -c   conftest.c >&5
configure:3542: $? = 0
configure:3551: result: yes
configure:3560: checking whether gcc accepts -g
configure:3580: gcc -c -g  conftest.c >&5
configure:3580: $? = 0
configure:3621: result: yes
configure:3638: checking for gcc option to accept ISO C89
configure:3701: gcc  -c -g -O2  conftest.c >&5
configure:3701: $? = 0
configure:3714: result: none needed
configure:3736: checking dependency style of gcc
configure:3847: result: gcc3
configure:3862: checking for gcc option to accept ISO C99
configure:4011: gcc  -c -g -O2  conftest.c >&5
conftest.c:61:29: error: expected ';', ',' or ')' before 'text'
conftest.c: In function 'main':
conftest.c:115:18: error: expected '=', ',', ';', 'asm' or '__attribute__' before 'newvar'
conftest.c:115:18: error: 'newvar' undeclared (first use in this function)
conftest.c:115:18: note: each undeclared identifier is reported only once for each function it appears in
conftest.c:125:3: error: 'for' loop initial declarations are only allowed in C99 mode
conftest.c:125:3: note: use option -std=c99 or -std=gnu99 to compile your code
configure:4011: $? = 1
configure: failed program was:
| /* confdefs.h */
| #define PACKAGE_NAME "OpenPANA"
| #define PACKAGE_TARNAME "openpana"
| #define PACKAGE_VERSION "0.2.4"
| #define PACKAGE_STRING "OpenPANA 0.2.4"
| #define PACKAGE_BUGREPORT "openpana-users@lists.sourceforge.net"
| #define PACKAGE_URL "http://openpana.sf.net"
| #define PACKAGE "openpana"
| #define VERSION "0.2.4"
| /* end confdefs.h.  */
| #include <stdarg.h>
| #include <stdbool.h>
| #include <stdlib.h>
| #include <wchar.h>
| #include <stdio.h>
| 
| // Check varargs macros.  These examples are taken from C99 6.10.3.5.
| #define debug(...) fprintf (stderr, __VA_ARGS__)
| #define showlist(...) puts (#__VA_ARGS__)
| #define report(test,...) ((test) ? puts (#test) : printf (__VA_ARGS__))
| static void
| test_varargs_macros (void)
| {
|   int x = 1234;
|   int y = 5678;
|   debug ("Flag");
|   debug ("X = %d\n", x);
|   showlist (The first, second, and third items.);
|   report (x>y, "x is %d but y is %d", x, y);
| }
| 
| // Check long long types.
| #define BIG64 18446744073709551615ull
| #define BIG32 4294967295ul
| #define BIG_OK (BIG64 / BIG32 == 4294967297ull && BIG64 % BIG32 == 0)
| #if !BIG_OK
|   your preprocessor is broken;
| #endif
| #if BIG_OK
| #else
|   your preprocessor is broken;
| #endif
| static long long int bignum = -9223372036854775807LL;
| static unsigned long long int ubignum = BIG64;
| 
| struct incomplete_array
| {
|   int datasize;
|   double data[];
| };
| 
| struct named_init {
|   int number;
|   const wchar_t *name;
|   double average;
| };
| 
| typedef const char *ccp;
| 
| static inline int
| test_restrict (ccp restrict text)
| {
|   // See if C++-style comments work.
|   // Iterate through items via the restricted pointer.
|   // Also check for declarations in for loops.
|   for (unsigned int i = 0; *(text+i) != '\0'; ++i)
|     continue;
|   return 0;
| }
| 
| // Check varargs and va_copy.
| static void
| test_varargs (const char *format, ...)
| {
|   va_list args;
|   va_start (args, format);
|   va_list args_copy;
|   va_copy (args_copy, args);
| 
|   const char *str;
|   int number;
|   float fnumber;
| 
|   while (*format)
|     {
|       switch (*format++)
| 	{
| 	case 's': // string
| 	  str = va_arg (args_copy, const char *);
| 	  break;
| 	case 'd': // int
| 	  number = va_arg (args_copy, int);
| 	  break;
| 	case 'f': // float
| 	  fnumber = va_arg (args_copy, double);
| 	  break;
| 	default:
| 	  break;
| 	}
|     }
|   va_end (args_copy);
|   va_end (args);
| }
| 
| int
| main ()
| {
| 
|   // Check bool.
|   _Bool success = false;
| 
|   // Check restrict.
|   if (test_restrict ("String literal") == 0)
|     success = true;
|   char *restrict newvar = "Another string";
| 
|   // Check varargs.
|   test_varargs ("s, d' f .", "string", 65, 34.234);
|   test_varargs_macros ();
| 
|   // Check flexible array members.
|   struct incomplete_array *ia =
|     malloc (sizeof (struct incomplete_array) + (sizeof (double) * 10));
|   ia->datasize = 10;
|   for (int i = 0; i < ia->datasize; ++i)
|     ia->data[i] = i * 1.234;
| 
|   // Check named initializers.
|   struct named_init ni = {
|     .number = 34,
|     .name = L"Test wide string",
|     .average = 543.34343,
|   };
| 
|   ni.number = 58;
| 
|   int dynamic_array[ni.number];
|   dynamic_array[ni.number - 1] = 543;
| 
|   // work around unused variable warnings
|   return (!success || bignum == 0LL || ubignum == 0uLL || newvar[0] == 'x'
| 	  || dynamic_array[ni.number - 1] != 543);
| 
|   ;
|   return 0;
| }
configure:4011: gcc -std=gnu99 -c -g -O2  conftest.c >&5
configure:4011: $? = 0
configure:4031: result: -std=gnu99
configure:4040: checking whether ln -s works
configure:4044: result: yes
configure:4051: checking whether make sets $(MAKE)
configure:4073: result: yes
configure:4125: checking for ranlib
configure:4141: found /usr/bin/ranlib
configure:4152: result: ranlib
configure:4180: checking for pthread_mutex_lock in -lpthread
configure:4205: gcc -std=gnu99 -o conftest    conftest.c -lpthread   >&5
configure:4205: $? = 0
configure:4214: result: yes
configure:4225: checking for HMAC in -lssl
configure:4250: gcc -std=gnu99 -o conftest    conftest.c -lssl  -lpthread  >&5
/tmp/ccd5Fv4g.o: In function `main':
conftest.c:(.text+0x7): undefined reference to `HMAC'
collect2: error: ld returned 1 exit status
configure:4250: $? = 1
configure: failed program was:
| /* confdefs.h */
| #define PACKAGE_NAME "OpenPANA"
| #define PACKAGE_TARNAME "openpana"
| #define PACKAGE_VERSION "0.2.4"
| #define PACKAGE_STRING "OpenPANA 0.2.4"
| #define PACKAGE_BUGREPORT "openpana-users@lists.sourceforge.net"
| #define PACKAGE_URL "http://openpana.sf.net"
| #define PACKAGE "openpana"
| #define VERSION "0.2.4"
| #define HAVE_LIBPTHREAD 1
| /* end confdefs.h.  */
| 
| /* Override any GCC internal prototype to avoid an error.
|    Use char because int might match the return type of a GCC
|    builtin and then its argument prototype would still apply.  */
| #ifdef __cplusplus
| extern "C"
| #endif
| char HMAC ();
| int
| main ()
| {
| return HMAC ();
|   ;
|   return 0;
| }
configure:4259: result: no
configure:4270: checking for HMAC in -lcrypto
configure:4295: gcc -std=gnu99 -o conftest    conftest.c -lcrypto  -lpthread  >&5
configure:4295: $? = 0
configure:4304: result: yes
configure:4323: checking for xmlCleanupParser in -lxml2
configure:4348: gcc -std=gnu99 -o conftest    conftest.c -lxml2  -lcrypto -lpthread  >&5
configure:4348: $? = 0
configure:4357: result: yes
configure:4380: checking how to run the C preprocessor
configure:4411: gcc -std=gnu99 -E  conftest.c
configure:4411: $? = 0
configure:4425: gcc -std=gnu99 -E  conftest.c
conftest.c:14:28: fatal error: ac_nonexistent.h: No such file or directory
compilation terminated.
configure:4425: $? = 1
configure: failed program was:
| /* confdefs.h */
| #define PACKAGE_NAME "OpenPANA"
| #define PACKAGE_TARNAME "openpana"
| #define PACKAGE_VERSION "0.2.4"
| #define PACKAGE_STRING "OpenPANA 0.2.4"
| #define PACKAGE_BUGREPORT "openpana-users@lists.sourceforge.net"
| #define PACKAGE_URL "http://openpana.sf.net"
| #define PACKAGE "openpana"
| #define VERSION "0.2.4"
| #define HAVE_LIBPTHREAD 1
| #define HAVE_LIBCRYPTO 1
| #define HAVE_LIBXML2 1
| /* end confdefs.h.  */
| #include <ac_nonexistent.h>
configure:4450: result: gcc -std=gnu99 -E
configure:4470: gcc -std=gnu99 -E  conftest.c
configure:4470: $? = 0
configure:4484: gcc -std=gnu99 -E  conftest.c
conftest.c:14:28: fatal error: ac_nonexistent.h: No such file or directory
compilation terminated.
configure:4484: $? = 1
configure: failed program was:
| /* confdefs.h */
| #define PACKAGE_NAME "OpenPANA"
| #define PACKAGE_TARNAME "openpana"
| #define PACKAGE_VERSION "0.2.4"
| #define PACKAGE_STRING "OpenPANA 0.2.4"
| #define PACKAGE_BUGREPORT "openpana-users@lists.sourceforge.net"
| #define PACKAGE_URL "http://openpana.sf.net"
| #define PACKAGE "openpana"
| #define VERSION "0.2.4"
| #define HAVE_LIBPTHREAD 1
| #define HAVE_LIBCRYPTO 1
| #define HAVE_LIBXML2 1
| /* end confdefs.h.  */
| #include <ac_nonexistent.h>
configure:4513: checking for grep that handles long lines and -e
configure:4571: result: /bin/grep
configure:4576: checking for egrep
configure:4638: result: /bin/grep -E
configure:4643: checking for ANSI C header files
configure:4663: gcc -std=gnu99 -c   conftest.c >&5
configure:4663: $? = 0
configure:4736: gcc -std=gnu99 -o conftest    conftest.c -lxml2 -lcrypto -lpthread  >&5
configure:4736: $? = 0
configure:4736: ./conftest
configure:4736: $? = 0
configure:4747: result: yes
configure:4760: checking for sys/types.h
configure:4760: gcc -std=gnu99 -c   conftest.c >&5
configure:4760: $? = 0
configure:4760: result: yes
configure:4760: checking for sys/stat.h
configure:4760: gcc -std=gnu99 -c   conftest.c >&5
configure:4760: $? = 0
configure:4760: result: yes
configure:4760: checking for stdlib.h
configure:4760: gcc -std=gnu99 -c   conftest.c >&5
configure:4760: $? = 0
configure:4760: result: yes
configure:4760: checking for string.h
configure:4760: gcc -std=gnu99 -c   conftest.c >&5
configure:4760: $? = 0
configure:4760: result: yes
configure:4760: checking for memory.h
configure:4760: gcc -std=gnu99 -c   conftest.c >&5
configure:4760: $? = 0
configure:4760: result: yes
configure:4760: checking for strings.h
configure:4760: gcc -std=gnu99 -c   conftest.c >&5
configure:4760: $? = 0
configure:4760: result: yes
configure:4760: checking for inttypes.h
configure:4760: gcc -std=gnu99 -c   conftest.c >&5
configure:4760: $? = 0
configure:4760: result: yes
configure:4760: checking for stdint.h
configure:4760: gcc -std=gnu99 -c   conftest.c >&5
configure:4760: $? = 0
configure:4760: result: yes
configure:4760: checking for unistd.h
configure:4760: gcc -std=gnu99 -c   conftest.c >&5
configure:4760: $? = 0
configure:4760: result: yes
configure:4775: checking arpa/inet.h usability
configure:4775: gcc -std=gnu99 -c   conftest.c >&5
configure:4775: $? = 0
configure:4775: result: yes
configure:4775: checking arpa/inet.h presence
configure:4775: gcc -std=gnu99 -E  conftest.c
configure:4775: $? = 0
configure:4775: result: yes
configure:4775: checking for arpa/inet.h
configure:4775: result: yes
configure:4775: checking for inttypes.h
configure:4775: result: yes
configure:4775: checking netinet/in.h usability
configure:4775: gcc -std=gnu99 -c   conftest.c >&5
configure:4775: $? = 0
configure:4775: result: yes
configure:4775: checking netinet/in.h presence
configure:4775: gcc -std=gnu99 -E  conftest.c
configure:4775: $? = 0
configure:4775: result: yes
configure:4775: checking for netinet/in.h
configure:4775: result: yes
configure:4775: checking for stdlib.h
configure:4775: result: yes
configure:4775: checking for string.h
configure:4775: result: yes
configure:4775: checking sys/socket.h usability
configure:4775: gcc -std=gnu99 -c   conftest.c >&5
configure:4775: $? = 0
configure:4775: result: yes
configure:4775: checking sys/socket.h presence
configure:4775: gcc -std=gnu99 -E  conftest.c
configure:4775: $? = 0
configure:4775: result: yes
configure:4775: checking for sys/socket.h
configure:4775: result: yes
configure:4775: checking sys/time.h usability
configure:4775: gcc -std=gnu99 -c   conftest.c >&5
configure:4775: $? = 0
configure:4775: result: yes
configure:4775: checking sys/time.h presence
configure:4775: gcc -std=gnu99 -E  conftest.c
configure:4775: $? = 0
configure:4775: result: yes
configure:4775: checking for sys/time.h
configure:4775: result: yes
configure:4775: checking time.h usability
configure:4775: gcc -std=gnu99 -c   conftest.c >&5
configure:4775: $? = 0
configure:4775: result: yes
configure:4775: checking time.h presence
configure:4775: gcc -std=gnu99 -E  conftest.c
configure:4775: $? = 0
configure:4775: result: yes
configure:4775: checking for time.h
configure:4775: result: yes
configure:4775: checking for unistd.h
configure:4775: result: yes
configure:4775: checking stdio.h usability
configure:4775: gcc -std=gnu99 -c   conftest.c >&5
configure:4775: $? = 0
configure:4775: result: yes
configure:4775: checking stdio.h presence
configure:4775: gcc -std=gnu99 -E  conftest.c
configure:4775: $? = 0
configure:4775: result: yes
configure:4775: checking for stdio.h
configure:4775: result: yes
configure:4775: checking signal.h usability
configure:4775: gcc -std=gnu99 -c   conftest.c >&5
configure:4775: $? = 0
configure:4775: result: yes
configure:4775: checking signal.h presence
configure:4775: gcc -std=gnu99 -E  conftest.c
configure:4775: $? = 0
configure:4775: result: yes
configure:4775: checking for signal.h
configure:4775: result: yes
configure:4775: checking semaphore.h usability
configure:4775: gcc -std=gnu99 -c   conftest.c >&5
configure:4775: $? = 0
configure:4775: result: yes
configure:4775: checking semaphore.h presence
configure:4775: gcc -std=gnu99 -E  conftest.c
configure:4775: $? = 0
configure:4775: result: yes
configure:4775: checking for semaphore.h
configure:4775: result: yes
configure:4775: checking pthread.h usability
configure:4775: gcc -std=gnu99 -c   conftest.c >&5
configure:4775: $? = 0
configure:4775: result: yes
configure:4775: checking pthread.h presence
configure:4775: gcc -std=gnu99 -E  conftest.c
configure:4775: $? = 0
configure:4775: result: yes
configure:4775: checking for pthread.h
configure:4775: result: yes
configure:4787: checking for stdbool.h that conforms to C99
configure:4854: gcc -std=gnu99 -c   conftest.c >&5
configure:4854: $? = 0
configure:4861: result: yes
configure:4863: checking for _Bool
configure:4863: gcc -std=gnu99 -c   conftest.c >&5
configure:4863: $? = 0
configure:4863: gcc -std=gnu99 -c   conftest.c >&5
conftest.c: In function 'main':
conftest.c:73:20: error: expected expression before ')' token
configure:4863: $? = 1
configure: failed program was:
| /* confdefs.h */
| #define PACKAGE_NAME "OpenPANA"
| #define PACKAGE_TARNAME "openpana"
| #define PACKAGE_VERSION "0.2.4"
| #define PACKAGE_STRING "OpenPANA 0.2.4"
| #define PACKAGE_BUGREPORT "openpana-users@lists.sourceforge.net"
| #define PACKAGE_URL "http://openpana.sf.net"
| #define PACKAGE "openpana"
| #define VERSION "0.2.4"
| #define HAVE_LIBPTHREAD 1
| #define HAVE_LIBCRYPTO 1
| #define HAVE_LIBXML2 1
| #define STDC_HEADERS 1
| #define HAVE_SYS_TYPES_H 1
| #define HAVE_SYS_STAT_H 1
| #define HAVE_STDLIB_H 1
| #define HAVE_STRING_H 1
| #define HAVE_MEMORY_H 1
| #define HAVE_STRINGS_H 1
| #define HAVE_INTTYPES_H 1
| #define HAVE_STDINT_H 1
| #define HAVE_UNISTD_H 1
| #define HAVE_ARPA_INET_H 1
| #define HAVE_INTTYPES_H 1
| #define HAVE_NETINET_IN_H 1
| #define HAVE_STDLIB_H 1
| #define HAVE_STRING_H 1
| #define HAVE_SYS_SOCKET_H 1
| #define HAVE_SYS_TIME_H 1
| #define HAVE_TIME_H 1
| #define HAVE_UNISTD_H 1
| #define HAVE_STDIO_H 1
| #define HAVE_SIGNAL_H 1
| #define HAVE_SEMAPHORE_H 1
| #define HAVE_PTHREAD_H 1
| /* end confdefs.h.  */
| #include <stdio.h>
| #ifdef HAVE_SYS_TYPES_H
| # include <sys/types.h>
| #endif
| #ifdef HAVE_SYS_STAT_H
| # include <sys/stat.h>
| #endif
| #ifdef STDC_HEADERS
| # include <stdlib.h>
| # include <stddef.h>
| #else
| # ifdef HAVE_STDLIB_H
| #  include <stdlib.h>
| # endif
| #endif
| #ifdef HAVE_STRING_H
| # if !defined STDC_HEADERS && defined HAVE_MEMORY_H
| #  include <memory.h>
| # endif
| # include <string.h>
| #endif
| #ifdef HAVE_STRINGS_H
| # include <strings.h>
| #endif
| #ifdef HAVE_INTTYPES_H
| # include <inttypes.h>
| #endif
| #ifdef HAVE_STDINT_H
| # include <stdint.h>
| #endif
| #ifdef HAVE_UNISTD_H
| # include <unistd.h>
| #endif
| int
| main ()
| {
| if (sizeof ((_Bool)))
| 	    return 0;
|   ;
|   return 0;
| }
configure:4863: result: yes
configure:4880: checking for size_t
configure:4880: gcc -std=gnu99 -c   conftest.c >&5
configure:4880: $? = 0
configure:4880: gcc -std=gnu99 -c   conftest.c >&5
conftest.c: In function 'main':
conftest.c:75:21: error: expected expression before ')' token
configure:4880: $? = 1
configure: failed program was:
| /* confdefs.h */
| #define PACKAGE_NAME "OpenPANA"
| #define PACKAGE_TARNAME "openpana"
| #define PACKAGE_VERSION "0.2.4"
| #define PACKAGE_STRING "OpenPANA 0.2.4"
| #define PACKAGE_BUGREPORT "openpana-users@lists.sourceforge.net"
| #define PACKAGE_URL "http://openpana.sf.net"
| #define PACKAGE "openpana"
| #define VERSION "0.2.4"
| #define HAVE_LIBPTHREAD 1
| #define HAVE_LIBCRYPTO 1
| #define HAVE_LIBXML2 1
| #define STDC_HEADERS 1
| #define HAVE_SYS_TYPES_H 1
| #define HAVE_SYS_STAT_H 1
| #define HAVE_STDLIB_H 1
| #define HAVE_STRING_H 1
| #define HAVE_MEMORY_H 1
| #define HAVE_STRINGS_H 1
| #define HAVE_INTTYPES_H 1
| #define HAVE_STDINT_H 1
| #define HAVE_UNISTD_H 1
| #define HAVE_ARPA_INET_H 1
| #define HAVE_INTTYPES_H 1
| #define HAVE_NETINET_IN_H 1
| #define HAVE_STDLIB_H 1
| #define HAVE_STRING_H 1
| #define HAVE_SYS_SOCKET_H 1
| #define HAVE_SYS_TIME_H 1
| #define HAVE_TIME_H 1
| #define HAVE_UNISTD_H 1
| #define HAVE_STDIO_H 1
| #define HAVE_SIGNAL_H 1
| #define HAVE_SEMAPHORE_H 1
| #define HAVE_PTHREAD_H 1
| #define HAVE__BOOL 1
| #define HAVE_STDBOOL_H 1
| /* end confdefs.h.  */
| #include <stdio.h>
| #ifdef HAVE_SYS_TYPES_H
| # include <sys/types.h>
| #endif
| #ifdef HAVE_SYS_STAT_H
| # include <sys/stat.h>
| #endif
| #ifdef STDC_HEADERS
| # include <stdlib.h>
| # include <stddef.h>
| #else
| # ifdef HAVE_STDLIB_H
| #  include <stdlib.h>
| # endif
| #endif
| #ifdef HAVE_STRING_H
| # if !defined STDC_HEADERS && defined HAVE_MEMORY_H
| #  include <memory.h>
| # endif
| # include <string.h>
| #endif
| #ifdef HAVE_STRINGS_H
| # include <strings.h>
| #endif
| #ifdef HAVE_INTTYPES_H
| # include <inttypes.h>
| #endif
| #ifdef HAVE_STDINT_H
| # include <stdint.h>
| #endif
| #ifdef HAVE_UNISTD_H
| # include <unistd.h>
| #endif
| int
| main ()
| {
| if (sizeof ((size_t)))
| 	    return 0;
|   ;
|   return 0;
| }
configure:4880: result: yes
configure:4891: checking for uint16_t
configure:4891: gcc -std=gnu99 -c   conftest.c >&5
configure:4891: $? = 0
configure:4891: result: yes
configure:4903: checking for uint32_t
configure:4903: gcc -std=gnu99 -c   conftest.c >&5
configure:4903: $? = 0
configure:4903: result: yes
configure:4921: checking for stdlib.h
configure:4921: result: yes
configure:4931: checking for GNU libc compatible malloc
configure:4955: gcc -std=gnu99 -o conftest    conftest.c -lxml2 -lcrypto -lpthread  >&5
configure:4955: $? = 0
configure:4955: ./conftest
configure:4955: $? = 0
configure:4965: result: yes
configure:4988: checking for stdlib.h
configure:4988: result: yes
configure:4998: checking for GNU libc compatible realloc
configure:5022: gcc -std=gnu99 -o conftest    conftest.c -lxml2 -lcrypto -lpthread  >&5
configure:5022: $? = 0
configure:5022: ./conftest
configure:5022: $? = 0
configure:5032: result: yes
configure:5056: checking for gettimeofday
configure:5056: gcc -std=gnu99 -o conftest    conftest.c -lxml2 -lcrypto -lpthread  >&5
configure:5056: $? = 0
configure:5056: result: yes
configure:5056: checking for inet_ntoa
configure:5056: gcc -std=gnu99 -o conftest    conftest.c -lxml2 -lcrypto -lpthread  >&5
configure:5056: $? = 0
configure:5056: result: yes
configure:5056: checking for memset
configure:5056: gcc -std=gnu99 -o conftest    conftest.c -lxml2 -lcrypto -lpthread  >&5
conftest.c:68:6: warning: conflicting types for built-in function 'memset' [enabled by default]
configure:5056: $? = 0
configure:5056: result: yes
configure:5056: checking for pow
configure:5056: gcc -std=gnu99 -o conftest    conftest.c -lxml2 -lcrypto -lpthread  >&5
conftest.c:69:6: warning: conflicting types for built-in function 'pow' [enabled by default]
/tmp/cc1RgAyA.o: In function `main':
conftest.c:(.text+0x7): undefined reference to `pow'
collect2: error: ld returned 1 exit status
configure:5056: $? = 1
configure: failed program was:
| /* confdefs.h */
| #define PACKAGE_NAME "OpenPANA"
| #define PACKAGE_TARNAME "openpana"
| #define PACKAGE_VERSION "0.2.4"
| #define PACKAGE_STRING "OpenPANA 0.2.4"
| #define PACKAGE_BUGREPORT "openpana-users@lists.sourceforge.net"
| #define PACKAGE_URL "http://openpana.sf.net"
| #define PACKAGE "openpana"
| #define VERSION "0.2.4"
| #define HAVE_LIBPTHREAD 1
| #define HAVE_LIBCRYPTO 1
| #define HAVE_LIBXML2 1
| #define STDC_HEADERS 1
| #define HAVE_SYS_TYPES_H 1
| #define HAVE_SYS_STAT_H 1
| #define HAVE_STDLIB_H 1
| #define HAVE_STRING_H 1
| #define HAVE_MEMORY_H 1
| #define HAVE_STRINGS_H 1
| #define HAVE_INTTYPES_H 1
| #define HAVE_STDINT_H 1
| #define HAVE_UNISTD_H 1
| #define HAVE_ARPA_INET_H 1
| #define HAVE_INTTYPES_H 1
| #define HAVE_NETINET_IN_H 1
| #define HAVE_STDLIB_H 1
| #define HAVE_STRING_H 1
| #define HAVE_SYS_SOCKET_H 1
| #define HAVE_SYS_TIME_H 1
| #define HAVE_TIME_H 1
| #define HAVE_UNISTD_H 1
| #define HAVE_STDIO_H 1
| #define HAVE_SIGNAL_H 1
| #define HAVE_SEMAPHORE_H 1
| #define HAVE_PTHREAD_H 1
| #define HAVE__BOOL 1
| #define HAVE_STDBOOL_H 1
| #define HAVE_STDLIB_H 1
| #define HAVE_MALLOC 1
| #define HAVE_STDLIB_H 1
| #define HAVE_REALLOC 1
| #define HAVE_GETTIMEOFDAY 1
| #define HAVE_INET_NTOA 1
| #define HAVE_MEMSET 1
| /* end confdefs.h.  */
| /* Define pow to an innocuous variant, in case <limits.h> declares pow.
|    For example, HP-UX 11i <limits.h> declares gettimeofday.  */
| #define pow innocuous_pow
| 
| /* System header to define __stub macros and hopefully few prototypes,
|     which can conflict with char pow (); below.
|     Prefer <limits.h> to <assert.h> if __STDC__ is defined, since
|     <limits.h> exists even on freestanding compilers.  */
| 
| #ifdef __STDC__
| # include <limits.h>
| #else
| # include <assert.h>
| #endif
| 
| #undef pow
| 
| /* Override any GCC internal prototype to avoid an error.
|    Use char because int might match the return type of a GCC
|    builtin and then its argument prototype would still apply.  */
| #ifdef __cplusplus
| extern "C"
| #endif
| char pow ();
| /* The GNU C library defines this for functions which it implements
|     to always fail with ENOSYS.  Some functions are actually named
|     something starting with __ and the normal name is an alias.  */
| #if defined __stub_pow || defined __stub___pow
| choke me
| #endif
| 
| int
| main ()
| {
| return pow ();
|   ;
|   return 0;
| }
configure:5056: result: no
configure:5056: checking for select
configure:5056: gcc -std=gnu99 -o conftest    conftest.c -lxml2 -lcrypto -lpthread  >&5
configure:5056: $? = 0
configure:5056: result: yes
configure:5056: checking for socket
configure:5056: gcc -std=gnu99 -o conftest    conftest.c -lxml2 -lcrypto -lpthread  >&5
configure:5056: $? = 0
configure:5056: result: yes
configure:5056: checking for bzero
configure:5056: gcc -std=gnu99 -o conftest    conftest.c -lxml2 -lcrypto -lpthread  >&5
conftest.c:71:6: warning: conflicting types for built-in function 'bzero' [enabled by default]
configure:5056: $? = 0
configure:5056: result: yes
configure:5068: checking for nanosleep
configure:5068: gcc -std=gnu99 -o conftest    conftest.c -lxml2 -lcrypto -lpthread  >&5
configure:5068: $? = 0
configure:5068: result: yes
configure:5194: checking for doxygen
configure:5227: result: no
configure:5247: WARNING: doxygen not found - will not generate any doxygen documentation
configure:5300: checking for perl
configure:5318: found /usr/bin/perl
configure:5330: result: /usr/bin/perl
configure:7026: checking whether to build with debug information
configure:7035: result: no
configure:7061: checking whether to build with aes cryptographic suite
configure:7070: result: no
configure:7089: checking whether to build relay functionality in the PaC
configure:7098: result: no
configure:7339: creating ./config.status

## ---------------- ##
## Cache variables. ##
## ---------------- ##

ac_cv_c_compiler_gnu=yes
ac_cv_c_uint16_t=yes
ac_cv_c_uint32_t=yes
ac_cv_env_CC_set=
ac_cv_env_CC_value=
ac_cv_env_CFLAGS_set=
ac_cv_env_CFLAGS_value=
ac_cv_env_CPPFLAGS_set=
ac_cv_env_CPPFLAGS_value=
ac_cv_env_CPP_set=
ac_cv_env_CPP_value=
ac_cv_env_DOXYGEN_PAPER_SIZE_set=
ac_cv_env_DOXYGEN_PAPER_SIZE_value=
ac_cv_env_LDFLAGS_set=
ac_cv_env_LDFLAGS_value=
ac_cv_env_LIBS_set=
ac_cv_env_LIBS_value=
ac_cv_env_build_alias_set=
ac_cv_env_build_alias_value=
ac_cv_env_host_alias_set=
ac_cv_env_host_alias_value=
ac_cv_env_target_alias_set=
ac_cv_env_target_alias_value=
ac_cv_func_bzero=yes
ac_cv_func_gettimeofday=yes
ac_cv_func_inet_ntoa=yes
ac_cv_func_malloc_0_nonnull=yes
ac_cv_func_memset=yes
ac_cv_func_nanosleep=yes
ac_cv_func_pow=no
ac_cv_func_realloc_0_nonnull=yes
ac_cv_func_select=yes
ac_cv_func_socket=yes
ac_cv_header_arpa_inet_h=yes
ac_cv_header_inttypes_h=yes
ac_cv_header_memory_h=yes
ac_cv_header_netinet_in_h=yes
ac_cv_header_pthread_h=yes
ac_cv_header_semaphore_h=yes
ac_cv_header_signal_h=yes
ac_cv_header_stdbool_h=yes
ac_cv_header_stdc=yes
ac_cv_header_stdint_h=yes
ac_cv_header_stdio_h=yes
ac_cv_header_stdlib_h=yes
ac_cv_header_string_h=yes
ac_cv_header_strings_h=yes
ac_cv_header_sys_socket_h=yes
ac_cv_header_sys_stat_h=yes
ac_cv_header_sys_time_h=yes
ac_cv_header_sys_types_h=yes
ac_cv_header_time_h=yes
ac_cv_header_unistd_h=yes
ac_cv_lib_crypto_HMAC=yes
ac_cv_lib_pthread_pthread_mutex_lock=yes
ac_cv_lib_ssl_HMAC=no
ac_cv_lib_xml2_xmlCleanupParser=yes
ac_cv_objext=o
ac_cv_path_EGREP='/bin/grep -E'
ac_cv_path_GREP=/bin/grep
ac_cv_path_ac_pt_DX_PERL=/usr/bin/perl
ac_cv_path_install='/usr/bin/install -c'
ac_cv_path_mkdir=/bin/mkdir
ac_cv_prog_AWK=gawk
ac_cv_prog_CPP='gcc -std=gnu99 -E'
ac_cv_prog_ac_ct_CC=gcc
ac_cv_prog_ac_ct_RANLIB=ranlib
ac_cv_prog_cc_c89=
ac_cv_prog_cc_c99=-std=gnu99
ac_cv_prog_cc_g=yes
ac_cv_prog_make_make_set=yes
ac_cv_type__Bool=yes
ac_cv_type_size_t=yes
am_cv_CC_dependencies_compiler_type=gcc3

## ----------------- ##
## Output variables. ##
## ----------------- ##

ACLOCAL='${SHELL} /home/pedro/Universidad/proyecto/openpana-new/openpana/branches/performance-test/config/missing --run aclocal-1.11'
AMDEPBACKSLASH='\'
AMDEP_FALSE='#'
AMDEP_TRUE=''
AMTAR='$${TAR-tar}'
AM_CFLAGS='   -Os -ffunction-sections -fdata-sections '
AM_CPPFLAGS='  -L./state_machines -L./libeapstack -I/usr/include/libxml2 '
AUTOCONF='${SHELL} /home/pedro/Universidad/proyecto/openpana-new/openpana/branches/performance-test/config/missing --run autoconf'
AUTOHEADER='${SHELL} /home/pedro/Universidad/proyecto/openpana-new/openpana/branches/performance-test/config/missing --run autoheader'
AUTOMAKE='${SHELL} /home/pedro/Universidad/proyecto/openpana-new/openpana/branches/performance-test/config/missing --run automake-1.11'
AWK='gawk'
CC='gcc -std=gnu99'
CCDEPMODE='depmode=gcc3'
CFLAGS=''
CPP='gcc -std=gnu99 -E'
CPPFLAGS=''
CYGPATH_W='echo'
DBG_LINKOPT=''
DEFS='-DHAVE_CONFIG_H'
DEPDIR='.deps'
DOXYGEN_PAPER_SIZE=''
DX_COND_chi_FALSE=''
DX_COND_chi_TRUE='#'
DX_COND_chm_FALSE=''
DX_COND_chm_TRUE='#'
DX_COND_doc_FALSE=''
DX_COND_doc_TRUE='#'
DX_COND_dot_FALSE=''
DX_COND_dot_TRUE='#'
DX_COND_html_FALSE=''
DX_COND_html_TRUE='#'
DX_COND_latex_FALSE=''
DX_COND_latex_TRUE='#'
DX_COND_man_FALSE=''
DX_COND_man_TRUE='#'
DX_COND_pdf_FALSE=''
DX_COND_pdf_TRUE='#'
DX_COND_ps_FALSE=''
DX_COND_ps_TRUE='#'
DX_COND_rtf_FALSE=''
DX_COND_rtf_TRUE='#'
DX_COND_xml_FALSE=''
DX_COND_xml_TRUE='#'
DX_CONFIG='doxygen.cfg'
DX_DOCDIR='doc'
DX_DOT=''
DX_DOXYGEN=''
DX_DVIPS=''
DX_EGREP=''
DX_ENV=' SRCDIR='\''.'\'' PROJECT='\''OpenPANA'\'' DOCDIR='\''doc'\'' VERSION='\''0.2.4'\'' HAVE_DOT='\''NO'\'' GENERATE_MAN='\''NO'\'' GENERATE_RTF='\''NO'\'' GENERATE_XML='\''NO'\'' GENERATE_HTMLHELP='\''NO'\'' GENERATE_CHI='\''NO'\'' GENERATE_HTML='\''NO'\'' GENERATE_LATEX='\''NO'\'''
DX_FLAG_DX_CURRENT_FEATURE=''
DX_FLAG_chi='0'
DX_FLAG_chm='0'
DX_FLAG_doc='0'
DX_FLAG_dot='0'
DX_FLAG_html='0'
DX_FLAG_man='0'
DX_FLAG_pdf='0'
DX_FLAG_ps='0'
DX_FLAG_rtf='0'
DX_FLAG_xml='0'
DX_HHC=''
DX_LATEX=''
DX_MAKEINDEX=''
DX_PDFLATEX=''
DX_PERL='/usr/bin/perl'
DX_PROJECT='OpenPANA'
ECHO_C=''
ECHO_N='-n'
ECHO_T=''
EGREP='/bin/grep -E'
EXEEXT=''
GREP='/bin/grep'
INSTALL_DATA='${INSTALL} -m 644'
INSTALL_PROGRAM='${INSTALL}'
INSTALL_SCRIPT='${INSTALL}'
INSTALL_STRIP_PROGRAM='$(install_sh) -c -s'
LDFLAGS=''
LIBOBJS=''
LIBS='-lxml2 -lcrypto -lpthread '
LN_S='ln -s'
LTLIBOBJS=''
MAKEINFO='${SHELL} /home/pedro/Universidad/proyecto/openpana-new/openpana/branches/performance-test/config/missing --run makeinfo'
MKDIR_P='/bin/mkdir -p'
OBJEXT='o'
PACKAGE='openpana'
PACKAGE_BUGREPORT='openpana-users@lists.sourceforge.net'
PACKAGE_NAME='OpenPANA'
PACKAGE_STRING='OpenPANA 0.2.4'
PACKAGE_TARNAME='openpana'
PACKAGE_URL='http://openpana.sf.net'
PACKAGE_VERSION='0.2.4'
PATH_SEPARATOR=':'
RANLIB='ranlib'
SET_MAKE=''
SHELL='/bin/bash'
STRIP=''
VERSION='0.2.4'
ac_ct_CC='gcc'
am__EXEEXT_FALSE=''
am__EXEEXT_TRUE='#'
am__fastdepCC_FALSE='#'
am__fastdepCC_TRUE=''
am__include='include'
am__isrc=''
am__leading_dot='.'
am__nodep='_no'
am__quote=''
am__tar='$${TAR-tar} chof - "$$tardir"'
am__untar='$${TAR-tar} xf -'
bindir='${exec_prefix}/bin'
build_alias=''
datadir='${datarootdir}'
datarootdir='${prefix}/share'
docdir='${datarootdir}/doc/${PACKAGE_TARNAME}'
dvidir='${docdir}'
exec_prefix='${prefix}'
host_alias=''
htmldir='${docdir}'
includedir='${prefix}/include'
infodir='${datarootdir}/info'
install_sh='${SHELL} /home/pedro/Universidad/proyecto/openpana-new/openpana/branches/performance-test/config/install-sh'
libdir='${exec_prefix}/lib'
libexecdir='${exec_prefix}/libexec'
localedir='${datarootdir}/locale'
localstatedir='${prefix}/var'
mandir='${datarootdir}/man'
mkdir_p='/bin/mkdir -p'
oldincludedir='/usr/include'
pdfdir='${docdir}'
prefix='/usr/local'
program_transform_name='s,x,x,'
psdir='${docdir}'
sbindir='${exec_prefix}/sbin'
sharedstatedir='${prefix}/com'
sysconfdir='${prefix}/etc'
target_alias=''

## ----------- ##
## confdefs.h. ##
## ----------- ##

/* confdefs.h */
#define PACKAGE_NAME "OpenPANA"
#define PACKAGE_TARNAME "openpana"
#define PACKAGE_VERSION "0.2.4"
#define PACKAGE_STRING "OpenPANA 0.2.4"
#define PACKAGE_BUGREPORT "openpana-users@lists.sourceforge.net"
#define PACKAGE_URL "http://openpana.sf.net"
#define PACKAGE "openpana"
#define VERSION "0.2.4"
#define HAVE_LIBPTHREAD 1
#define HAVE_LIBCRYPTO 1
#define HAVE_LIBXML2 1
#define STDC_HEADERS 1
#define HAVE_SYS_TYPES_H 1
#define HAVE_SYS_STAT_H 1
#define HAVE_STDLIB_H 1
#define HAVE_STRING_H 1
#define HAVE_MEMORY_H 1
#define HAVE_STRINGS_H 1
#define HAVE_INTTYPES_H 1
#define HAVE_STDINT_H 1
#define HAVE_UNISTD_H 1
#define HAVE_ARPA_INET_H 1
#define HAVE_INTTYPES_H 1
#define HAVE_NETINET_IN_H 1
#define HAVE_STDLIB_H 1
#define HAVE_STRING_H 1
#define HAVE_SYS_SOCKET_H 1
#define HAVE_SYS_TIME_H 1
#define HAVE_TIME_H 1
#define HAVE_UNISTD_H 1
#define HAVE_STDIO_H 1
#define HAVE_SIGNAL_H 1
#define HAVE_SEMAPHORE_H 1
#define HAVE_PTHREAD_H 1
#define HAVE__BOOL 1
#define HAVE_STDBOOL_H 1
#define HAVE_STDLIB_H 1
#define HAVE_MALLOC 1
#define HAVE_STDLIB_H 1
#define HAVE_REALLOC 1
#define HAVE_GETTIMEOFDAY 1
#define HAVE_INET_NTOA 1
#define HAVE_MEMSET 1
#define HAVE_SELECT 1
#define HAVE_SOCKET 1
#define HAVE_BZERO 1
#define HAVE_NANOSLEEP 1
#define NDEBUG /**/

configure: exit 0

## ---------------------- ##
## Running config.status. ##
## ---------------------- ##

This file was extended by OpenPANA config.status 0.2.4, which was
generated by GNU Autoconf 2.69.  Invocation command line was

  CONFIG_FILES    = 
  CONFIG_HEADERS  = 
  CONFIG_LINKS    = 
  CONFIG_COMMANDS = 
  $ ./config.status 

on perico

config.status:934: creating Makefile
config.status:934: creating src/Makefile
config.status:934: creating src/libeapstack/Makefile
config.status:934: creating config.h
config.status:1115: config.h is unchanged
config.status:1163: executing depfiles commands

## ---------------------- ##
## Running config.status. ##
## ---------------------- ##

This file was extended by OpenPANA config.status 0.2.4, which was
generated by GNU Autoconf 2.69.  Invocation command line was

  CONFIG_FILES    = 
  CONFIG_HEADERS  = 
  CONFIG_LINKS    = 
  CONFIG_COMMANDS = 
  $ ./config.status config.h

on perico

config.status:934: creating config.h
config.status:1115: config.h is unchanged
